============================= test session starts ==============================
platform linux -- Python 3.12.12, pytest-8.2.1, pluggy-1.6.0
rootdir: /app
configfile: pytest.ini
testpaths: tests
plugins: cov-5.0.0
collected 92 items

tests/test_activities_batch.py ...                                       [  3%]
tests/test_activities_repo.py ...                                        [  6%]
tests/test_activities_service_unit.py ..                                 [  8%]
tests/test_api.py ............................                           [ 39%]
tests/test_auth.py .....                                                 [ 44%]
tests/test_backup_manager.py F.....                                      [ 51%]
tests/test_cache_namespace.py .                                          [ 52%]
tests/test_entries_repo.py ...                                           [ 55%]
tests/test_export.py ....                                                [ 59%]
tests/test_health.py ...                                                 [ 63%]
tests/test_idempotent_writes.py ..                                       [ 65%]
tests/test_import_validation.py ....                                     [ 69%]
tests/test_metrics.py ..                                                 [ 71%]
tests/test_neutral_activity_type.py ...                                  [ 75%]
tests/test_stats_repo.py ..                                              [ 77%]
tests/test_stream_proxy.py ....                                          [ 81%]
tests/test_transactions.py .                                             [ 82%]
tests/test_users_repo.py .                                               [ 83%]
tests/test_validation.py .........                                       [ 93%]
tests/test_wearable_read.py ....                                         [ 97%]
tests/test_wearable_repo.py .                                            [ 98%]
tests/test_wearable_service_unit.py .                                    [100%]

=================================== FAILURES ===================================
_________________________ test_backup_status_defaults __________________________

client = <FlaskClient <MosaicFlask 'app'>>
auth_headers = {'Authorization': 'Bearer eyJhbGciOiJIUzI1NiIsInR5cCI6IkpXVCJ9.eyJzdWIiOiIxIiwidXNlcm5hbWUiOiJ1c2VyXzkwNTk1NWU2IiwiY3N...idXNlcl85MDU5NTVlNiJ9.9yUH8WN7_GSk8lRxhYZhAV6py4rtdpv7PrhYhl8aKvQ', 'X-CSRF-Token': '67aa442dc104362da2629783f79d143b'}
backup_env = <backup_manager.BackupManager object at 0x7cf073f376e0>

    def test_backup_status_defaults(client, auth_headers, backup_env):
        response = client.get("/backup/status", headers=auth_headers)
        assert response.status_code == 200
        data = response.get_json()
        assert data["enabled"] is False
        assert data["interval_minutes"] == 60
        assert data["backups"] == []
        assert data["last_run"] is None
        assert data["scheduler_running"] is True
>       assert data["next_run_at"] is None
E       AssertionError: assert '2025-12-02T15:27:46.352504+00:00' is None

tests/test_backup_manager.py:54: AssertionError
---------------------------- Captured stdout setup -----------------------------
{"event_type": "auth.register", "user_id": 1, "message": "User registered", "context": {"username": "user_905955e6"}, "event": "activity_event", "level": "info", "timestamp": "2025-12-02T14:27:46.208945Z"}
{"method": "POST", "path": "/register", "status_code": 201, "duration_ms": 156.14, "user_id": null, "event": "request.completed", "level": "info", "timestamp": "2025-12-02T14:27:46.223708Z"}
{"event_type": "auth.login", "user_id": 1, "message": "User logged in", "context": {"username": "user_905955e6", "is_admin": false}, "event": "activity_event", "level": "info", "timestamp": "2025-12-02T14:27:46.317125Z"}
{"method": "POST", "path": "/login", "status_code": 200, "duration_ms": 104.41, "user_id": null, "event": "request.completed", "level": "info", "timestamp": "2025-12-02T14:27:46.328985Z"}
------------------------------ Captured log setup ------------------------------
INFO     mosaic.audit:audit.py:124 {"event_type": "auth.register", "user_id": 1, "message": "User registered", "context": {"username": "user_905955e6"}, "event": "activity_event", "level": "info", "timestamp": "2025-12-02T14:27:46.208945Z"}
INFO     mosaic.backend:app.py:308 {"method": "POST", "path": "/register", "status_code": 201, "duration_ms": 156.14, "user_id": null, "event": "request.completed", "level": "info", "timestamp": "2025-12-02T14:27:46.223708Z"}
INFO     mosaic.audit:audit.py:124 {"event_type": "auth.login", "user_id": 1, "message": "User logged in", "context": {"username": "user_905955e6", "is_admin": false}, "event": "activity_event", "level": "info", "timestamp": "2025-12-02T14:27:46.317125Z"}
INFO     mosaic.backend:app.py:308 {"method": "POST", "path": "/login", "status_code": 200, "duration_ms": 104.41, "user_id": null, "event": "request.completed", "level": "info", "timestamp": "2025-12-02T14:27:46.328985Z"}
----------------------------- Captured stdout call -----------------------------
{"file": "/app/backup_manager.py", "enabled": false, "interval": 60, "last_run": null, "scheduler_running": true, "next_run_at": "2025-12-02T15:27:46.344770+00:00", "event": "backup.get_status_debug", "level": "info", "timestamp": "2025-12-02T14:27:46.344832Z"}
{"file": "/app/backup_manager.py", "enabled": false, "interval": 60, "last_run": null, "scheduler_running": true, "next_run_at": "2025-12-02T15:27:46.352504+00:00", "event": "backup.get_status_debug", "level": "info", "timestamp": "2025-12-02T14:27:46.352562Z"}
{"method": "GET", "path": "/backup/status", "status_code": 200, "duration_ms": 20.38, "user_id": 1, "event": "request.completed", "level": "info", "timestamp": "2025-12-02T14:27:46.353038Z"}
------------------------------ Captured log call -------------------------------
INFO     mosaic.backup:backup_manager.py:146 {"file": "/app/backup_manager.py", "enabled": false, "interval": 60, "last_run": null, "scheduler_running": true, "next_run_at": "2025-12-02T15:27:46.344770+00:00", "event": "backup.get_status_debug", "level": "info", "timestamp": "2025-12-02T14:27:46.344832Z"}
INFO     mosaic.backup:backup_manager.py:146 {"file": "/app/backup_manager.py", "enabled": false, "interval": 60, "last_run": null, "scheduler_running": true, "next_run_at": "2025-12-02T15:27:46.352504+00:00", "event": "backup.get_status_debug", "level": "info", "timestamp": "2025-12-02T14:27:46.352562Z"}
INFO     mosaic.backend:app.py:308 {"method": "GET", "path": "/backup/status", "status_code": 200, "duration_ms": 20.38, "user_id": 1, "event": "request.completed", "level": "info", "timestamp": "2025-12-02T14:27:46.353038Z"}
=============================== warnings summary ===============================
tests/test_activities_batch.py::test_batch_repo_processes_and_skips
tests/test_activities_batch.py::test_batch_controller_success
tests/test_stats_repo.py::test_get_today_entries_and_goals
tests/test_stats_repo.py::test_daily_positive_totals
  /usr/local/lib/python3.12/site-packages/sqlalchemy/sql/schema.py:3624: DeprecationWarning: datetime.datetime.utcnow() is deprecated and scheduled for removal in a future version. Use timezone-aware objects to represent datetimes in UTC: datetime.datetime.now(datetime.UTC).
    return util.wrap_callable(lambda ctx: fn(), fn)  # type: ignore

tests/test_activities_repo.py::test_insert_activity_and_overwrite
tests/test_activities_repo.py::test_update_activity_propagates_entries
tests/test_activities_repo.py::test_activate_deactivate_and_delete
  /home/jan/Dokumenty/code/mosaic/backend/tests/test_activities_repo.py:12: DeprecationWarning: datetime.datetime.utcnow() is deprecated and scheduled for removal in a future version. Use timezone-aware objects to represent datetimes in UTC: datetime.datetime.now(datetime.UTC).

tests/test_entries_repo.py::test_upsert_creates_and_updates_entry
tests/test_entries_repo.py::test_upsert_adopts_shared_entry
tests/test_entries_repo.py::test_create_missing_entries_for_day
  /home/jan/Dokumenty/code/mosaic/backend/tests/test_entries_repo.py:12: DeprecationWarning: datetime.datetime.utcnow() is deprecated and scheduled for removal in a future version. Use timezone-aware objects to represent datetimes in UTC: datetime.datetime.now(datetime.UTC).

tests/test_users_repo.py::test_users_repo_crud
  /home/jan/Dokumenty/code/mosaic/backend/tests/test_users_repo.py:12: DeprecationWarning: datetime.datetime.utcnow() is deprecated and scheduled for removal in a future version. Use timezone-aware objects to represent datetimes in UTC: datetime.datetime.now(datetime.UTC).

tests/test_users_repo.py::test_users_repo_crud
  /home/jan/Dokumenty/code/mosaic/backend/tests/test_users_repo.py:14: DeprecationWarning: datetime.datetime.utcnow() is deprecated and scheduled for removal in a future version. Use timezone-aware objects to represent datetimes in UTC: datetime.datetime.now(datetime.UTC).

tests/test_wearable_repo.py::test_ingest_wearable_batch_creates_source_and_raw
  /home/jan/Dokumenty/code/mosaic/backend/tests/test_wearable_repo.py:12: DeprecationWarning: datetime.datetime.utcnow() is deprecated and scheduled for removal in a future version. Use timezone-aware objects to represent datetimes in UTC: datetime.datetime.now(datetime.UTC).

-- Docs: https://docs.pytest.org/en/stable/how-to/capture-warnings.html
=========================== short test summary info ============================
FAILED tests/test_backup_manager.py::test_backup_status_defaults - AssertionE...
================== 1 failed, 91 passed, 13 warnings in 42.08s ==================
