Run bash scripts/run_pytest.sh
Starting postgres service...
time="2025-11-07T10:25:52Z" level=warning msg="/home/runner/work/mosaic/mosaic/docker-compose.yml: the attribute `version` is obsolete, it will be ignored, please remove it to avoid potential confusion"
 Network mosaic_default  Creating
 Network mosaic_default  Created
 Volume "mosaic_postgres_data"  Creating
 Volume "mosaic_postgres_data"  Created
 Container mosaic_postgres  Creating
 Container mosaic_postgres  Created
 Container mosaic_postgres  Starting
 Container mosaic_postgres  Started
Resetting database mosaic_test...
time="2025-11-07T10:25:53Z" level=warning msg="/home/runner/work/mosaic/mosaic/docker-compose.yml: the attribute `version` is obsolete, it will be ignored, please remove it to avoid potential confusion"
time="2025-11-07T10:25:54Z" level=warning msg="/home/runner/work/mosaic/mosaic/docker-compose.yml: the attribute `version` is obsolete, it will be ignored, please remove it to avoid potential confusion"
NOTICE:  database "mosaic_test" does not exist, skipping
time="2025-11-07T10:25:54Z" level=warning msg="/home/runner/work/mosaic/mosaic/docker-compose.yml: the attribute `version` is obsolete, it will be ignored, please remove it to avoid potential confusion"
Running migrations and pytest inside mosaic_backend_dev...
time="2025-11-07T10:25:54Z" level=warning msg="/home/runner/work/mosaic/mosaic/docker-compose.yml: the attribute `version` is obsolete, it will be ignored, please remove it to avoid potential confusion"
#1 [internal] load local bake definitions
#1 reading from stdin 408B done
#1 DONE 0.0s

#2 [internal] load build definition from Dockerfile.backend
#2 transferring dockerfile: 583B done
#2 DONE 0.0s

#3 [auth] library/python:pull token for registry-1.docker.io
#3 DONE 0.0s

#4 [internal] load metadata for docker.io/library/python:3.12-slim
#4 DONE 0.2s

#5 [internal] load .dockerignore
#5 transferring context: 2B done
#5 DONE 0.0s

#6 [internal] load build context
#6 transferring context: 221.80kB done
#6 DONE 0.0s

#7 [1/6] FROM docker.io/library/python:3.12-slim@sha256:d86b4c74b936c438cd4cc3a9f7256b9a7c27ad68c7caf8c205e18d9845af0164
#7 resolve docker.io/library/python:3.12-slim@sha256:d86b4c74b936c438cd4cc3a9f7256b9a7c27ad68c7caf8c205e18d9845af0164 done
#7 extracting sha256:1d96a644cf6c54ac43db46567eadbb2c200b0ef5416557440ba2106954f491ce
#7 sha256:31ac69cb4246e72a40eb76f4573038f94f6b6c97427a863162ecd8f3fe89e475 248B / 248B 0.1s done
#7 sha256:d86b4c74b936c438cd4cc3a9f7256b9a7c27ad68c7caf8c205e18d9845af0164 10.37kB / 10.37kB done
#7 sha256:973d116e5354f00385c8c18d937d52c24c6b020faf46a095ed2c8679ed3f39be 1.75kB / 1.75kB done
#7 sha256:3a1ccc3590a6e3ba4d6058ebf7fa702dcedd706107543210f975412e9a02f763 5.68kB / 5.68kB done
#7 sha256:1d96a644cf6c54ac43db46567eadbb2c200b0ef5416557440ba2106954f491ce 1.29MB / 1.29MB 0.0s done
#7 sha256:a4f564a4a58f8e9cd4ff1e0098405cb016a02b142eee4745a9a73f92076deff6 12.11MB / 12.11MB 0.1s
#7 extracting sha256:1d96a644cf6c54ac43db46567eadbb2c200b0ef5416557440ba2106954f491ce 0.1s done
#7 sha256:a4f564a4a58f8e9cd4ff1e0098405cb016a02b142eee4745a9a73f92076deff6 12.11MB / 12.11MB 0.1s done
#7 extracting sha256:a4f564a4a58f8e9cd4ff1e0098405cb016a02b142eee4745a9a73f92076deff6 0.1s
#7 extracting sha256:a4f564a4a58f8e9cd4ff1e0098405cb016a02b142eee4745a9a73f92076deff6 0.5s done
#7 extracting sha256:31ac69cb4246e72a40eb76f4573038f94f6b6c97427a863162ecd8f3fe89e475
#7 extracting sha256:31ac69cb4246e72a40eb76f4573038f94f6b6c97427a863162ecd8f3fe89e475 done
#7 DONE 0.8s

#8 [2/6] WORKDIR /app
#8 DONE 0.0s

#9 [3/6] RUN apt-get update     && apt-get install -y --no-install-recommends         build-essential         libpq-dev         curl     && rm -rf /var/lib/apt/lists/*
#9 0.161 Hit:1 http://deb.debian.org/debian trixie InRelease
#9 0.161 Get:2 http://deb.debian.org/debian trixie-updates InRelease [47.3 kB]
#9 0.166 Get:3 http://deb.debian.org/debian-security trixie-security InRelease [43.4 kB]
#9 0.181 Get:4 http://deb.debian.org/debian trixie/main amd64 Packages [9669 kB]
#9 0.237 Get:5 http://deb.debian.org/debian trixie-updates/main amd64 Packages [5412 B]
#9 0.237 Get:6 http://deb.debian.org/debian-security trixie-security/main amd64 Packages [69.3 kB]
#9 0.869 Fetched 9834 kB in 1s (13.3 MB/s)
#9 0.869 Reading package lists...
#9 1.339 Reading package lists...
#9 1.801 Building dependency tree...
#9 1.927 Reading state information...
#9 2.056 The following additional packages will be installed:
#9 2.056   binutils binutils-common binutils-x86-64-linux-gnu bzip2 cpp cpp-14
#9 2.056   cpp-14-x86-64-linux-gnu cpp-x86-64-linux-gnu dpkg-dev g++ g++-14
#9 2.056   g++-14-x86-64-linux-gnu g++-x86-64-linux-gnu gcc gcc-14
#9 2.056   gcc-14-x86-64-linux-gnu gcc-x86-64-linux-gnu libasan8 libatomic1 libbinutils
#9 2.056   libbrotli1 libc-dev-bin libc6-dev libcc1-0 libcom-err2 libcrypt-dev
#9 2.056   libctf-nobfd0 libctf0 libcurl4t64 libdpkg-perl libgcc-14-dev
#9 2.056   libgdbm-compat4t64 libgnutls30t64 libgomp1 libgprofng0 libgssapi-krb5-2
#9 2.056   libhwasan0 libidn2-0 libisl23 libitm1 libjansson4 libk5crypto3 libkeyutils1
#9 2.056   libkrb5-3 libkrb5support0 libldap2 liblsan0 libmpc3 libmpfr6 libnghttp2-14
#9 2.057   libnghttp3-9 libp11-kit0 libperl5.40 libpq5 libpsl5t64 libquadmath0 librtmp1
#9 2.057   libsasl2-2 libsasl2-modules-db libsframe1 libssh2-1t64 libssl-dev
#9 2.057   libstdc++-14-dev libtasn1-6 libtsan2 libubsan1 libunistring5 linux-libc-dev
#9 2.057   make patch perl perl-modules-5.40 rpcsvc-proto xz-utils
#9 2.058 Suggested packages:
#9 2.058   binutils-doc gprofng-gui binutils-gold bzip2-doc cpp-doc gcc-14-locales
#9 2.058   cpp-14-doc debian-keyring debian-tag2upload-keyring g++-multilib
#9 2.058   g++-14-multilib gcc-14-doc gcc-multilib manpages-dev autoconf automake
#9 2.058   libtool flex bison gdb gcc-doc gcc-14-multilib gdb-x86-64-linux-gnu
#9 2.058   libc-devtools glibc-doc sq | sqop | rsop | gosop | pgpainless-cli | gpg-sq
#9 2.058   | gnupg sensible-utils git bzr gnutls-bin krb5-doc krb5-user
#9 2.058   postgresql-doc-17 libssl-doc libstdc++-14-doc make-doc ed diffutils-doc
#9 2.058   perl-doc libterm-readline-gnu-perl | libterm-readline-perl-perl
#9 2.058   libtap-harness-archive-perl
#9 2.058 Recommended packages:
#9 2.058   bash-completion fakeroot sq | sqop | rsop | gosop | pgpainless-cli | gpg-sq
#9 2.058   | gnupg libalgorithm-merge-perl manpages manpages-dev libfile-fcntllock-perl
#9 2.058   liblocale-gettext-perl krb5-locales libldap-common publicsuffix
#9 2.058   libsasl2-modules
#9 2.344 The following NEW packages will be installed:
#9 2.344   binutils binutils-common binutils-x86-64-linux-gnu build-essential bzip2 cpp
#9 2.344   cpp-14 cpp-14-x86-64-linux-gnu cpp-x86-64-linux-gnu curl dpkg-dev g++ g++-14
#9 2.344   g++-14-x86-64-linux-gnu g++-x86-64-linux-gnu gcc gcc-14
#9 2.345   gcc-14-x86-64-linux-gnu gcc-x86-64-linux-gnu libasan8 libatomic1 libbinutils
#9 2.345   libbrotli1 libc-dev-bin libc6-dev libcc1-0 libcom-err2 libcrypt-dev
#9 2.345   libctf-nobfd0 libctf0 libcurl4t64 libdpkg-perl libgcc-14-dev
#9 2.345   libgdbm-compat4t64 libgnutls30t64 libgomp1 libgprofng0 libgssapi-krb5-2
#9 2.345   libhwasan0 libidn2-0 libisl23 libitm1 libjansson4 libk5crypto3 libkeyutils1
#9 2.345   libkrb5-3 libkrb5support0 libldap2 liblsan0 libmpc3 libmpfr6 libnghttp2-14
#9 2.345   libnghttp3-9 libp11-kit0 libperl5.40 libpq-dev libpq5 libpsl5t64
#9 2.345   libquadmath0 librtmp1 libsasl2-2 libsasl2-modules-db libsframe1 libssh2-1t64
#9 2.345   libssl-dev libstdc++-14-dev libtasn1-6 libtsan2 libubsan1 libunistring5
#9 2.346   linux-libc-dev make patch perl perl-modules-5.40 rpcsvc-proto xz-utils
#9 2.378 0 upgraded, 77 newly installed, 0 to remove and 0 not upgraded.
#9 2.378 Need to get 90.5 MB of archives.
#9 2.378 After this operation, 369 MB of additional disk space will be used.
#9 2.378 Get:1 http://deb.debian.org/debian trixie/main amd64 bzip2 amd64 1.0.8-6 [40.5 kB]
#9 2.381 Get:2 http://deb.debian.org/debian trixie/main amd64 perl-modules-5.40 all 5.40.1-6 [3019 kB]
#9 2.397 Get:3 http://deb.debian.org/debian trixie/main amd64 libgdbm-compat4t64 amd64 1.24-2 [50.3 kB]
#9 2.398 Get:4 http://deb.debian.org/debian trixie/main amd64 libperl5.40 amd64 5.40.1-6 [4341 kB]
#9 2.417 Get:5 http://deb.debian.org/debian trixie/main amd64 perl amd64 5.40.1-6 [267 kB]
#9 2.419 Get:6 http://deb.debian.org/debian trixie/main amd64 xz-utils amd64 5.8.1-1 [660 kB]
#9 2.423 Get:7 http://deb.debian.org/debian trixie/main amd64 libsframe1 amd64 2.44-3 [78.4 kB]
#9 2.424 Get:8 http://deb.debian.org/debian trixie/main amd64 binutils-common amd64 2.44-3 [2509 kB]
#9 2.435 Get:9 http://deb.debian.org/debian trixie/main amd64 libbinutils amd64 2.44-3 [534 kB]
#9 2.438 Get:10 http://deb.debian.org/debian trixie/main amd64 libgprofng0 amd64 2.44-3 [808 kB]
#9 2.442 Get:11 http://deb.debian.org/debian trixie/main amd64 libctf-nobfd0 amd64 2.44-3 [156 kB]
#9 2.443 Get:12 http://deb.debian.org/debian trixie/main amd64 libctf0 amd64 2.44-3 [88.6 kB]
#9 2.444 Get:13 http://deb.debian.org/debian trixie/main amd64 libjansson4 amd64 2.14-2+b3 [39.8 kB]
#9 2.444 Get:14 http://deb.debian.org/debian trixie/main amd64 binutils-x86-64-linux-gnu amd64 2.44-3 [1014 kB]
#9 2.449 Get:15 http://deb.debian.org/debian trixie/main amd64 binutils amd64 2.44-3 [265 kB]
#9 2.451 Get:16 http://deb.debian.org/debian trixie/main amd64 libc-dev-bin amd64 2.41-12 [58.2 kB]
#9 2.452 Get:17 http://deb.debian.org/debian-security trixie-security/main amd64 linux-libc-dev all 6.12.48-1 [2671 kB]
#9 2.458 Get:18 http://deb.debian.org/debian trixie/main amd64 libcrypt-dev amd64 1:4.4.38-1 [119 kB]
#9 2.460 Get:19 http://deb.debian.org/debian trixie/main amd64 rpcsvc-proto amd64 1.4.3-1 [63.3 kB]
#9 2.460 Get:20 http://deb.debian.org/debian trixie/main amd64 libc6-dev amd64 2.41-12 [1991 kB]
#9 2.470 Get:21 http://deb.debian.org/debian trixie/main amd64 libisl23 amd64 0.27-1 [659 kB]
#9 2.473 Get:22 http://deb.debian.org/debian trixie/main amd64 libmpfr6 amd64 4.2.2-1 [729 kB]
#9 2.477 Get:23 http://deb.debian.org/debian trixie/main amd64 libmpc3 amd64 1.3.1-1+b3 [52.2 kB]
#9 2.477 Get:24 http://deb.debian.org/debian trixie/main amd64 cpp-14-x86-64-linux-gnu amd64 14.2.0-19 [11.0 MB]
#9 2.525 Get:25 http://deb.debian.org/debian trixie/main amd64 cpp-14 amd64 14.2.0-19 [1280 B]
#9 2.525 Get:26 http://deb.debian.org/debian trixie/main amd64 cpp-x86-64-linux-gnu amd64 4:14.2.0-1 [4840 B]
#9 2.526 Get:27 http://deb.debian.org/debian trixie/main amd64 cpp amd64 4:14.2.0-1 [1568 B]
#9 2.526 Get:28 http://deb.debian.org/debian trixie/main amd64 libcc1-0 amd64 14.2.0-19 [42.8 kB]
#9 2.527 Get:29 http://deb.debian.org/debian trixie/main amd64 libgomp1 amd64 14.2.0-19 [137 kB]
#9 2.528 Get:30 http://deb.debian.org/debian trixie/main amd64 libitm1 amd64 14.2.0-19 [26.0 kB]
#9 2.528 Get:31 http://deb.debian.org/debian trixie/main amd64 libatomic1 amd64 14.2.0-19 [9308 B]
#9 2.529 Get:32 http://deb.debian.org/debian trixie/main amd64 libasan8 amd64 14.2.0-19 [2725 kB]
#9 2.541 Get:33 http://deb.debian.org/debian trixie/main amd64 liblsan0 amd64 14.2.0-19 [1204 kB]
#9 2.547 Get:34 http://deb.debian.org/debian trixie/main amd64 libtsan2 amd64 14.2.0-19 [2460 kB]
#9 2.558 Get:35 http://deb.debian.org/debian trixie/main amd64 libubsan1 amd64 14.2.0-19 [1074 kB]
#9 2.564 Get:36 http://deb.debian.org/debian trixie/main amd64 libhwasan0 amd64 14.2.0-19 [1488 kB]
#9 2.570 Get:37 http://deb.debian.org/debian trixie/main amd64 libquadmath0 amd64 14.2.0-19 [145 kB]
#9 2.572 Get:38 http://deb.debian.org/debian trixie/main amd64 libgcc-14-dev amd64 14.2.0-19 [2672 kB]
#9 2.584 Get:39 http://deb.debian.org/debian trixie/main amd64 gcc-14-x86-64-linux-gnu amd64 14.2.0-19 [21.4 MB]
#9 2.682 Get:40 http://deb.debian.org/debian trixie/main amd64 gcc-14 amd64 14.2.0-19 [540 kB]
#9 2.684 Get:41 http://deb.debian.org/debian trixie/main amd64 gcc-x86-64-linux-gnu amd64 4:14.2.0-1 [1436 B]
#9 2.685 Get:42 http://deb.debian.org/debian trixie/main amd64 gcc amd64 4:14.2.0-1 [5136 B]
#9 2.685 Get:43 http://deb.debian.org/debian trixie/main amd64 libstdc++-14-dev amd64 14.2.0-19 [2376 kB]
#9 2.696 Get:44 http://deb.debian.org/debian trixie/main amd64 g++-14-x86-64-linux-gnu amd64 14.2.0-19 [12.1 MB]
#9 2.751 Get:45 http://deb.debian.org/debian trixie/main amd64 g++-14 amd64 14.2.0-19 [22.5 kB]
#9 2.751 Get:46 http://deb.debian.org/debian trixie/main amd64 g++-x86-64-linux-gnu amd64 4:14.2.0-1 [1200 B]
#9 2.752 Get:47 http://deb.debian.org/debian trixie/main amd64 g++ amd64 4:14.2.0-1 [1344 B]
#9 2.752 Get:48 http://deb.debian.org/debian trixie/main amd64 make amd64 4.4.1-2 [463 kB]
#9 2.754 Get:49 http://deb.debian.org/debian trixie/main amd64 libdpkg-perl all 1.22.21 [650 kB]
#9 2.757 Get:50 http://deb.debian.org/debian trixie/main amd64 patch amd64 2.8-2 [134 kB]
#9 2.758 Get:51 http://deb.debian.org/debian trixie/main amd64 dpkg-dev all 1.22.21 [1338 kB]
#9 2.763 Get:52 http://deb.debian.org/debian trixie/main amd64 build-essential amd64 12.12 [4624 B]
#9 2.763 Get:53 http://deb.debian.org/debian trixie/main amd64 libbrotli1 amd64 1.1.0-2+b7 [307 kB]
#9 2.765 Get:54 http://deb.debian.org/debian trixie/main amd64 libkrb5support0 amd64 1.21.3-5 [33.0 kB]
#9 2.765 Get:55 http://deb.debian.org/debian trixie/main amd64 libcom-err2 amd64 1.47.2-3+b3 [25.0 kB]
#9 2.766 Get:56 http://deb.debian.org/debian trixie/main amd64 libk5crypto3 amd64 1.21.3-5 [81.5 kB]
#9 2.766 Get:57 http://deb.debian.org/debian trixie/main amd64 libkeyutils1 amd64 1.6.3-6 [9456 B]
#9 2.767 Get:58 http://deb.debian.org/debian trixie/main amd64 libkrb5-3 amd64 1.21.3-5 [326 kB]
#9 2.768 Get:59 http://deb.debian.org/debian trixie/main amd64 libgssapi-krb5-2 amd64 1.21.3-5 [138 kB]
#9 2.769 Get:60 http://deb.debian.org/debian trixie/main amd64 libunistring5 amd64 1.3-2 [477 kB]
#9 2.771 Get:61 http://deb.debian.org/debian trixie/main amd64 libidn2-0 amd64 2.3.8-2 [109 kB]
#9 2.772 Get:62 http://deb.debian.org/debian trixie/main amd64 libsasl2-modules-db amd64 2.1.28+dfsg1-9 [19.8 kB]
#9 2.773 Get:63 http://deb.debian.org/debian trixie/main amd64 libsasl2-2 amd64 2.1.28+dfsg1-9 [57.5 kB]
#9 2.773 Get:64 http://deb.debian.org/debian trixie/main amd64 libldap2 amd64 2.6.10+dfsg-1 [194 kB]
#9 2.774 Get:65 http://deb.debian.org/debian trixie/main amd64 libnghttp2-14 amd64 1.64.0-1.1 [76.0 kB]
#9 2.775 Get:66 http://deb.debian.org/debian trixie/main amd64 libnghttp3-9 amd64 1.8.0-1 [67.7 kB]
#9 2.775 Get:67 http://deb.debian.org/debian trixie/main amd64 libpsl5t64 amd64 0.21.2-1.1+b1 [57.2 kB]
#9 2.776 Get:68 http://deb.debian.org/debian trixie/main amd64 libp11-kit0 amd64 0.25.5-3 [425 kB]
#9 2.778 Get:69 http://deb.debian.org/debian trixie/main amd64 libtasn1-6 amd64 4.20.0-2 [49.9 kB]
#9 2.779 Get:70 http://deb.debian.org/debian trixie/main amd64 libgnutls30t64 amd64 3.8.9-3 [1465 kB]
#9 2.786 Get:71 http://deb.debian.org/debian trixie/main amd64 librtmp1 amd64 2.4+20151223.gitfa8646d.1-2+b5 [58.8 kB]
#9 2.787 Get:72 http://deb.debian.org/debian trixie/main amd64 libssh2-1t64 amd64 1.11.1-1 [245 kB]
#9 2.789 Get:73 http://deb.debian.org/debian trixie/main amd64 libcurl4t64 amd64 8.14.1-2 [391 kB]
#9 2.791 Get:74 http://deb.debian.org/debian trixie/main amd64 curl amd64 8.14.1-2 [269 kB]
#9 2.792 Get:75 http://deb.debian.org/debian trixie/main amd64 libpq5 amd64 17.6-0+deb13u1 [228 kB]
#9 2.794 Get:76 http://deb.debian.org/debian-security trixie-security/main amd64 libssl-dev amd64 3.5.1-1+deb13u1 [2955 kB]
#9 2.800 Get:77 http://deb.debian.org/debian trixie/main amd64 libpq-dev amd64 17.6-0+deb13u1 [150 kB]
#9 2.916 debconf: unable to initialize frontend: Dialog
#9 2.916 debconf: (TERM is not set, so the dialog frontend is not usable.)
#9 2.916 debconf: falling back to frontend: Readline
#9 2.916 debconf: unable to initialize frontend: Readline
#9 2.916 debconf: (Can't locate Term/ReadLine.pm in @INC (you may need to install the Term::ReadLine module) (@INC entries checked: /etc/perl /usr/local/lib/x86_64-linux-gnu/perl/5.40.1 /usr/local/share/perl/5.40.1 /usr/lib/x86_64-linux-gnu/perl5/5.40 /usr/share/perl5 /usr/lib/x86_64-linux-gnu/perl-base /usr/lib/x86_64-linux-gnu/perl/5.40 /usr/share/perl/5.40 /usr/local/lib/site_perl) at /usr/share/perl5/Debconf/FrontEnd/Readline.pm line 8, <STDIN> line 77.)
#9 2.916 debconf: falling back to frontend: Teletype
#9 2.921 debconf: unable to initialize frontend: Teletype
#9 2.921 debconf: (This frontend requires a controlling tty.)
#9 2.921 debconf: falling back to frontend: Noninteractive
#9 4.313 Fetched 90.5 MB in 0s (204 MB/s)
#9 4.326 Selecting previously unselected package bzip2.
#9 4.326 (Reading database ... 
(Reading database ... 5%
(Reading database ... 10%
(Reading database ... 15%
(Reading database ... 20%
(Reading database ... 25%
(Reading database ... 30%
(Reading database ... 35%
(Reading database ... 40%
(Reading database ... 45%
(Reading database ... 50%
(Reading database ... 55%
(Reading database ... 60%
(Reading database ... 65%
(Reading database ... 70%
(Reading database ... 75%
(Reading database ... 80%
(Reading database ... 85%
(Reading database ... 90%
(Reading database ... 95%
(Reading database ... 100%
(Reading database ... 5644 files and directories currently installed.)
#9 4.332 Preparing to unpack .../00-bzip2_1.0.8-6_amd64.deb ...
#9 4.333 Unpacking bzip2 (1.0.8-6) ...
#9 4.350 Selecting previously unselected package perl-modules-5.40.
#9 4.351 Preparing to unpack .../01-perl-modules-5.40_5.40.1-6_all.deb ...
#9 4.352 Unpacking perl-modules-5.40 (5.40.1-6) ...
#9 4.617 Selecting previously unselected package libgdbm-compat4t64:amd64.
#9 4.618 Preparing to unpack .../02-libgdbm-compat4t64_1.24-2_amd64.deb ...
#9 4.620 Unpacking libgdbm-compat4t64:amd64 (1.24-2) ...
#9 4.636 Selecting previously unselected package libperl5.40:amd64.
#9 4.637 Preparing to unpack .../03-libperl5.40_5.40.1-6_amd64.deb ...
#9 4.638 Unpacking libperl5.40:amd64 (5.40.1-6) ...
#9 4.849 Selecting previously unselected package perl.
#9 4.850 Preparing to unpack .../04-perl_5.40.1-6_amd64.deb ...
#9 4.851 Unpacking perl (5.40.1-6) ...
#9 4.874 Selecting previously unselected package xz-utils.
#9 4.875 Preparing to unpack .../05-xz-utils_5.8.1-1_amd64.deb ...
#9 4.876 Unpacking xz-utils (5.8.1-1) ...
#9 4.908 Selecting previously unselected package libsframe1:amd64.
#9 4.909 Preparing to unpack .../06-libsframe1_2.44-3_amd64.deb ...
#9 4.910 Unpacking libsframe1:amd64 (2.44-3) ...
#9 4.926 Selecting previously unselected package binutils-common:amd64.
#9 4.927 Preparing to unpack .../07-binutils-common_2.44-3_amd64.deb ...
#9 4.928 Unpacking binutils-common:amd64 (2.44-3) ...
#9 5.038 Selecting previously unselected package libbinutils:amd64.
#9 5.039 Preparing to unpack .../08-libbinutils_2.44-3_amd64.deb ...
#9 5.040 Unpacking libbinutils:amd64 (2.44-3) ...
#9 5.079 Selecting previously unselected package libgprofng0:amd64.
#9 5.080 Preparing to unpack .../09-libgprofng0_2.44-3_amd64.deb ...
#9 5.081 Unpacking libgprofng0:amd64 (2.44-3) ...
#9 5.128 Selecting previously unselected package libctf-nobfd0:amd64.
#9 5.129 Preparing to unpack .../10-libctf-nobfd0_2.44-3_amd64.deb ...
#9 5.130 Unpacking libctf-nobfd0:amd64 (2.44-3) ...
#9 5.149 Selecting previously unselected package libctf0:amd64.
#9 5.150 Preparing to unpack .../11-libctf0_2.44-3_amd64.deb ...
#9 5.151 Unpacking libctf0:amd64 (2.44-3) ...
#9 5.168 Selecting previously unselected package libjansson4:amd64.
#9 5.169 Preparing to unpack .../12-libjansson4_2.14-2+b3_amd64.deb ...
#9 5.170 Unpacking libjansson4:amd64 (2.14-2+b3) ...
#9 5.185 Selecting previously unselected package binutils-x86-64-linux-gnu.
#9 5.187 Preparing to unpack .../13-binutils-x86-64-linux-gnu_2.44-3_amd64.deb ...
#9 5.188 Unpacking binutils-x86-64-linux-gnu (2.44-3) ...
#9 5.267 Selecting previously unselected package binutils.
#9 5.268 Preparing to unpack .../14-binutils_2.44-3_amd64.deb ...
#9 5.270 Unpacking binutils (2.44-3) ...
#9 5.296 Selecting previously unselected package libc-dev-bin.
#9 5.297 Preparing to unpack .../15-libc-dev-bin_2.41-12_amd64.deb ...
#9 5.298 Unpacking libc-dev-bin (2.41-12) ...
#9 5.313 Selecting previously unselected package linux-libc-dev.
#9 5.314 Preparing to unpack .../16-linux-libc-dev_6.12.48-1_all.deb ...
#9 5.315 Unpacking linux-libc-dev (6.12.48-1) ...
#9 5.642 Selecting previously unselected package libcrypt-dev:amd64.
#9 5.644 Preparing to unpack .../17-libcrypt-dev_1%3a4.4.38-1_amd64.deb ...
#9 5.649 Unpacking libcrypt-dev:amd64 (1:4.4.38-1) ...
#9 5.668 Selecting previously unselected package rpcsvc-proto.
#9 5.669 Preparing to unpack .../18-rpcsvc-proto_1.4.3-1_amd64.deb ...
#9 5.670 Unpacking rpcsvc-proto (1.4.3-1) ...
#9 5.688 Selecting previously unselected package libc6-dev:amd64.
#9 5.689 Preparing to unpack .../19-libc6-dev_2.41-12_amd64.deb ...
#9 5.691 Unpacking libc6-dev:amd64 (2.41-12) ...
#9 5.816 Selecting previously unselected package libisl23:amd64.
#9 5.817 Preparing to unpack .../20-libisl23_0.27-1_amd64.deb ...
#9 5.819 Unpacking libisl23:amd64 (0.27-1) ...
#9 5.862 Selecting previously unselected package libmpfr6:amd64.
#9 5.863 Preparing to unpack .../21-libmpfr6_4.2.2-1_amd64.deb ...
#9 5.864 Unpacking libmpfr6:amd64 (4.2.2-1) ...
#9 5.895 Selecting previously unselected package libmpc3:amd64.
#9 5.896 Preparing to unpack .../22-libmpc3_1.3.1-1+b3_amd64.deb ...
#9 5.897 Unpacking libmpc3:amd64 (1.3.1-1+b3) ...
#9 5.912 Selecting previously unselected package cpp-14-x86-64-linux-gnu.
#9 5.914 Preparing to unpack .../23-cpp-14-x86-64-linux-gnu_14.2.0-19_amd64.deb ...
#9 5.915 Unpacking cpp-14-x86-64-linux-gnu (14.2.0-19) ...
#9 6.274 Selecting previously unselected package cpp-14.
#9 6.276 Preparing to unpack .../24-cpp-14_14.2.0-19_amd64.deb ...
#9 6.277 Unpacking cpp-14 (14.2.0-19) ...
#9 6.290 Selecting previously unselected package cpp-x86-64-linux-gnu.
#9 6.291 Preparing to unpack .../25-cpp-x86-64-linux-gnu_4%3a14.2.0-1_amd64.deb ...
#9 6.292 Unpacking cpp-x86-64-linux-gnu (4:14.2.0-1) ...
#9 6.307 Selecting previously unselected package cpp.
#9 6.308 Preparing to unpack .../26-cpp_4%3a14.2.0-1_amd64.deb ...
#9 6.314 Unpacking cpp (4:14.2.0-1) ...
#9 6.328 Selecting previously unselected package libcc1-0:amd64.
#9 6.329 Preparing to unpack .../27-libcc1-0_14.2.0-19_amd64.deb ...
#9 6.330 Unpacking libcc1-0:amd64 (14.2.0-19) ...
#9 6.347 Selecting previously unselected package libgomp1:amd64.
#9 6.348 Preparing to unpack .../28-libgomp1_14.2.0-19_amd64.deb ...
#9 6.349 Unpacking libgomp1:amd64 (14.2.0-19) ...
#9 6.370 Selecting previously unselected package libitm1:amd64.
#9 6.371 Preparing to unpack .../29-libitm1_14.2.0-19_amd64.deb ...
#9 6.372 Unpacking libitm1:amd64 (14.2.0-19) ...
#9 6.387 Selecting previously unselected package libatomic1:amd64.
#9 6.389 Preparing to unpack .../30-libatomic1_14.2.0-19_amd64.deb ...
#9 6.390 Unpacking libatomic1:amd64 (14.2.0-19) ...
#9 6.406 Selecting previously unselected package libasan8:amd64.
#9 6.408 Preparing to unpack .../31-libasan8_14.2.0-19_amd64.deb ...
#9 6.409 Unpacking libasan8:amd64 (14.2.0-19) ...
#9 6.536 Selecting previously unselected package liblsan0:amd64.
#9 6.537 Preparing to unpack .../32-liblsan0_14.2.0-19_amd64.deb ...
#9 6.538 Unpacking liblsan0:amd64 (14.2.0-19) ...
#9 6.605 Selecting previously unselected package libtsan2:amd64.
#9 6.606 Preparing to unpack .../33-libtsan2_14.2.0-19_amd64.deb ...
#9 6.607 Unpacking libtsan2:amd64 (14.2.0-19) ...
#9 6.723 Selecting previously unselected package libubsan1:amd64.
#9 6.725 Preparing to unpack .../34-libubsan1_14.2.0-19_amd64.deb ...
#9 6.726 Unpacking libubsan1:amd64 (14.2.0-19) ...
#9 6.787 Selecting previously unselected package libhwasan0:amd64.
#9 6.788 Preparing to unpack .../35-libhwasan0_14.2.0-19_amd64.deb ...
#9 6.789 Unpacking libhwasan0:amd64 (14.2.0-19) ...
#9 6.865 Selecting previously unselected package libquadmath0:amd64.
#9 6.867 Preparing to unpack .../36-libquadmath0_14.2.0-19_amd64.deb ...
#9 6.868 Unpacking libquadmath0:amd64 (14.2.0-19) ...
#9 6.886 Selecting previously unselected package libgcc-14-dev:amd64.
#9 6.887 Preparing to unpack .../37-libgcc-14-dev_14.2.0-19_amd64.deb ...
#9 6.888 Unpacking libgcc-14-dev:amd64 (14.2.0-19) ...
#9 6.996 Selecting previously unselected package gcc-14-x86-64-linux-gnu.
#9 6.998 Preparing to unpack .../38-gcc-14-x86-64-linux-gnu_14.2.0-19_amd64.deb ...
#9 6.999 Unpacking gcc-14-x86-64-linux-gnu (14.2.0-19) ...
#9 7.492 Selecting previously unselected package gcc-14.
#9 7.494 Preparing to unpack .../39-gcc-14_14.2.0-19_amd64.deb ...
#9 7.495 Unpacking gcc-14 (14.2.0-19) ...
#9 7.516 Selecting previously unselected package gcc-x86-64-linux-gnu.
#9 7.517 Preparing to unpack .../40-gcc-x86-64-linux-gnu_4%3a14.2.0-1_amd64.deb ...
#9 7.518 Unpacking gcc-x86-64-linux-gnu (4:14.2.0-1) ...
#9 7.533 Selecting previously unselected package gcc.
#9 7.534 Preparing to unpack .../41-gcc_4%3a14.2.0-1_amd64.deb ...
#9 7.535 Unpacking gcc (4:14.2.0-1) ...
#9 7.550 Selecting previously unselected package libstdc++-14-dev:amd64.
#9 7.551 Preparing to unpack .../42-libstdc++-14-dev_14.2.0-19_amd64.deb ...
#9 7.552 Unpacking libstdc++-14-dev:amd64 (14.2.0-19) ...
#9 7.738 Selecting previously unselected package g++-14-x86-64-linux-gnu.
#9 7.740 Preparing to unpack .../43-g++-14-x86-64-linux-gnu_14.2.0-19_amd64.deb ...
#9 7.741 Unpacking g++-14-x86-64-linux-gnu (14.2.0-19) ...
#9 8.112 Selecting previously unselected package g++-14.
#9 8.113 Preparing to unpack .../44-g++-14_14.2.0-19_amd64.deb ...
#9 8.114 Unpacking g++-14 (14.2.0-19) ...
#9 8.128 Selecting previously unselected package g++-x86-64-linux-gnu.
#9 8.130 Preparing to unpack .../45-g++-x86-64-linux-gnu_4%3a14.2.0-1_amd64.deb ...
#9 8.130 Unpacking g++-x86-64-linux-gnu (4:14.2.0-1) ...
#9 8.144 Selecting previously unselected package g++.
#9 8.145 Preparing to unpack .../46-g++_4%3a14.2.0-1_amd64.deb ...
#9 8.146 Unpacking g++ (4:14.2.0-1) ...
#9 8.159 Selecting previously unselected package make.
#9 8.160 Preparing to unpack .../47-make_4.4.1-2_amd64.deb ...
#9 8.161 Unpacking make (4.4.1-2) ...
#9 8.189 Selecting previously unselected package libdpkg-perl.
#9 8.191 Preparing to unpack .../48-libdpkg-perl_1.22.21_all.deb ...
#9 8.191 Unpacking libdpkg-perl (1.22.21) ...
#9 8.240 Selecting previously unselected package patch.
#9 8.242 Preparing to unpack .../49-patch_2.8-2_amd64.deb ...
#9 8.242 Unpacking patch (2.8-2) ...
#9 8.260 Selecting previously unselected package dpkg-dev.
#9 8.262 Preparing to unpack .../50-dpkg-dev_1.22.21_all.deb ...
#9 8.263 Unpacking dpkg-dev (1.22.21) ...
#9 8.310 Selecting previously unselected package build-essential.
#9 8.312 Preparing to unpack .../51-build-essential_12.12_amd64.deb ...
#9 8.313 Unpacking build-essential (12.12) ...
#9 8.327 Selecting previously unselected package libbrotli1:amd64.
#9 8.329 Preparing to unpack .../52-libbrotli1_1.1.0-2+b7_amd64.deb ...
#9 8.330 Unpacking libbrotli1:amd64 (1.1.0-2+b7) ...
#9 8.359 Selecting previously unselected package libkrb5support0:amd64.
#9 8.361 Preparing to unpack .../53-libkrb5support0_1.21.3-5_amd64.deb ...
#9 8.362 Unpacking libkrb5support0:amd64 (1.21.3-5) ...
#9 8.378 Selecting previously unselected package libcom-err2:amd64.
#9 8.380 Preparing to unpack .../54-libcom-err2_1.47.2-3+b3_amd64.deb ...
#9 8.381 Unpacking libcom-err2:amd64 (1.47.2-3+b3) ...
#9 8.396 Selecting previously unselected package libk5crypto3:amd64.
#9 8.397 Preparing to unpack .../55-libk5crypto3_1.21.3-5_amd64.deb ...
#9 8.398 Unpacking libk5crypto3:amd64 (1.21.3-5) ...
#9 8.416 Selecting previously unselected package libkeyutils1:amd64.
#9 8.418 Preparing to unpack .../56-libkeyutils1_1.6.3-6_amd64.deb ...
#9 8.419 Unpacking libkeyutils1:amd64 (1.6.3-6) ...
#9 8.434 Selecting previously unselected package libkrb5-3:amd64.
#9 8.435 Preparing to unpack .../57-libkrb5-3_1.21.3-5_amd64.deb ...
#9 8.436 Unpacking libkrb5-3:amd64 (1.21.3-5) ...
#9 8.466 Selecting previously unselected package libgssapi-krb5-2:amd64.
#9 8.468 Preparing to unpack .../58-libgssapi-krb5-2_1.21.3-5_amd64.deb ...
#9 8.469 Unpacking libgssapi-krb5-2:amd64 (1.21.3-5) ...
#9 8.489 Selecting previously unselected package libunistring5:amd64.
#9 8.491 Preparing to unpack .../59-libunistring5_1.3-2_amd64.deb ...
#9 8.492 Unpacking libunistring5:amd64 (1.3-2) ...
#9 8.530 Selecting previously unselected package libidn2-0:amd64.
#9 8.532 Preparing to unpack .../60-libidn2-0_2.3.8-2_amd64.deb ...
#9 8.533 Unpacking libidn2-0:amd64 (2.3.8-2) ...
#9 8.552 Selecting previously unselected package libsasl2-modules-db:amd64.
#9 8.553 Preparing to unpack .../61-libsasl2-modules-db_2.1.28+dfsg1-9_amd64.deb ...
#9 8.555 Unpacking libsasl2-modules-db:amd64 (2.1.28+dfsg1-9) ...
#9 8.570 Selecting previously unselected package libsasl2-2:amd64.
#9 8.572 Preparing to unpack .../62-libsasl2-2_2.1.28+dfsg1-9_amd64.deb ...
#9 8.573 Unpacking libsasl2-2:amd64 (2.1.28+dfsg1-9) ...
#9 8.589 Selecting previously unselected package libldap2:amd64.
#9 8.591 Preparing to unpack .../63-libldap2_2.6.10+dfsg-1_amd64.deb ...
#9 8.592 Unpacking libldap2:amd64 (2.6.10+dfsg-1) ...
#9 8.614 Selecting previously unselected package libnghttp2-14:amd64.
#9 8.616 Preparing to unpack .../64-libnghttp2-14_1.64.0-1.1_amd64.deb ...
#9 8.616 Unpacking libnghttp2-14:amd64 (1.64.0-1.1) ...
#9 8.635 Selecting previously unselected package libnghttp3-9:amd64.
#9 8.636 Preparing to unpack .../65-libnghttp3-9_1.8.0-1_amd64.deb ...
#9 8.637 Unpacking libnghttp3-9:amd64 (1.8.0-1) ...
#9 8.655 Selecting previously unselected package libpsl5t64:amd64.
#9 8.656 Preparing to unpack .../66-libpsl5t64_0.21.2-1.1+b1_amd64.deb ...
#9 8.658 Unpacking libpsl5t64:amd64 (0.21.2-1.1+b1) ...
#9 8.676 Selecting previously unselected package libp11-kit0:amd64.
#9 8.677 Preparing to unpack .../67-libp11-kit0_0.25.5-3_amd64.deb ...
#9 8.678 Unpacking libp11-kit0:amd64 (0.25.5-3) ...
#9 8.708 Selecting previously unselected package libtasn1-6:amd64.
#9 8.710 Preparing to unpack .../68-libtasn1-6_4.20.0-2_amd64.deb ...
#9 8.711 Unpacking libtasn1-6:amd64 (4.20.0-2) ...
#9 8.728 Selecting previously unselected package libgnutls30t64:amd64.
#9 8.729 Preparing to unpack .../69-libgnutls30t64_3.8.9-3_amd64.deb ...
#9 8.730 Unpacking libgnutls30t64:amd64 (3.8.9-3) ...
#9 8.784 Selecting previously unselected package librtmp1:amd64.
#9 8.786 Preparing to unpack .../70-librtmp1_2.4+20151223.gitfa8646d.1-2+b5_amd64.deb ...
#9 8.787 Unpacking librtmp1:amd64 (2.4+20151223.gitfa8646d.1-2+b5) ...
#9 8.805 Selecting previously unselected package libssh2-1t64:amd64.
#9 8.806 Preparing to unpack .../71-libssh2-1t64_1.11.1-1_amd64.deb ...
#9 8.807 Unpacking libssh2-1t64:amd64 (1.11.1-1) ...
#9 8.828 Selecting previously unselected package libcurl4t64:amd64.
#9 8.830 Preparing to unpack .../72-libcurl4t64_8.14.1-2_amd64.deb ...
#9 8.831 Unpacking libcurl4t64:amd64 (8.14.1-2) ...
#9 8.860 Selecting previously unselected package curl.
#9 8.862 Preparing to unpack .../73-curl_8.14.1-2_amd64.deb ...
#9 8.863 Unpacking curl (8.14.1-2) ...
#9 8.886 Selecting previously unselected package libpq5:amd64.
#9 8.888 Preparing to unpack .../74-libpq5_17.6-0+deb13u1_amd64.deb ...
#9 8.889 Unpacking libpq5:amd64 (17.6-0+deb13u1) ...
#9 8.913 Selecting previously unselected package libssl-dev:amd64.
#9 8.914 Preparing to unpack .../75-libssl-dev_3.5.1-1+deb13u1_amd64.deb ...
#9 8.915 Unpacking libssl-dev:amd64 (3.5.1-1+deb13u1) ...
#9 9.041 Selecting previously unselected package libpq-dev.
#9 9.043 Preparing to unpack .../76-libpq-dev_17.6-0+deb13u1_amd64.deb ...
#9 9.044 Unpacking libpq-dev (17.6-0+deb13u1) ...
#9 9.074 Setting up libkeyutils1:amd64 (1.6.3-6) ...
#9 9.076 Setting up libgdbm-compat4t64:amd64 (1.24-2) ...
#9 9.079 Setting up libbrotli1:amd64 (1.1.0-2+b7) ...
#9 9.081 Setting up binutils-common:amd64 (2.44-3) ...
#9 9.083 Setting up libnghttp2-14:amd64 (1.64.0-1.1) ...
#9 9.086 Setting up linux-libc-dev (6.12.48-1) ...
#9 9.088 Setting up libctf-nobfd0:amd64 (2.44-3) ...
#9 9.090 Setting up libcom-err2:amd64 (1.47.2-3+b3) ...
#9 9.092 Setting up libgomp1:amd64 (14.2.0-19) ...
#9 9.094 Setting up bzip2 (1.0.8-6) ...
#9 9.097 Setting up libsframe1:amd64 (2.44-3) ...
#9 9.100 Setting up libjansson4:amd64 (2.14-2+b3) ...
#9 9.103 Setting up libkrb5support0:amd64 (1.21.3-5) ...
#9 9.105 Setting up libsasl2-modules-db:amd64 (2.1.28+dfsg1-9) ...
#9 9.108 Setting up rpcsvc-proto (1.4.3-1) ...
#9 9.110 Setting up make (4.4.1-2) ...
#9 9.112 Setting up libmpfr6:amd64 (4.2.2-1) ...
#9 9.115 Setting up xz-utils (5.8.1-1) ...
#9 9.119 update-alternatives: using /usr/bin/xz to provide /usr/bin/lzma (lzma) in auto mode
#9 9.120 update-alternatives: warning: skip creation of /usr/share/man/man1/lzma.1.gz because associated file /usr/share/man/man1/xz.1.gz (of link group lzma) doesn't exist
#9 9.120 update-alternatives: warning: skip creation of /usr/share/man/man1/unlzma.1.gz because associated file /usr/share/man/man1/unxz.1.gz (of link group lzma) doesn't exist
#9 9.120 update-alternatives: warning: skip creation of /usr/share/man/man1/lzcat.1.gz because associated file /usr/share/man/man1/xzcat.1.gz (of link group lzma) doesn't exist
#9 9.120 update-alternatives: warning: skip creation of /usr/share/man/man1/lzmore.1.gz because associated file /usr/share/man/man1/xzmore.1.gz (of link group lzma) doesn't exist
#9 9.121 update-alternatives: warning: skip creation of /usr/share/man/man1/lzless.1.gz because associated file /usr/share/man/man1/xzless.1.gz (of link group lzma) doesn't exist
#9 9.121 update-alternatives: warning: skip creation of /usr/share/man/man1/lzdiff.1.gz because associated file /usr/share/man/man1/xzdiff.1.gz (of link group lzma) doesn't exist
#9 9.121 update-alternatives: warning: skip creation of /usr/share/man/man1/lzcmp.1.gz because associated file /usr/share/man/man1/xzcmp.1.gz (of link group lzma) doesn't exist
#9 9.121 update-alternatives: warning: skip creation of /usr/share/man/man1/lzgrep.1.gz because associated file /usr/share/man/man1/xzgrep.1.gz (of link group lzma) doesn't exist
#9 9.121 update-alternatives: warning: skip creation of /usr/share/man/man1/lzegrep.1.gz because associated file /usr/share/man/man1/xzegrep.1.gz (of link group lzma) doesn't exist
#9 9.121 update-alternatives: warning: skip creation of /usr/share/man/man1/lzfgrep.1.gz because associated file /usr/share/man/man1/xzfgrep.1.gz (of link group lzma) doesn't exist
#9 9.125 Setting up libquadmath0:amd64 (14.2.0-19) ...
#9 9.127 Setting up libp11-kit0:amd64 (0.25.5-3) ...
#9 9.130 Setting up libunistring5:amd64 (1.3-2) ...
#9 9.133 Setting up libssl-dev:amd64 (3.5.1-1+deb13u1) ...
#9 9.135 Setting up libmpc3:amd64 (1.3.1-1+b3) ...
#9 9.137 Setting up libatomic1:amd64 (14.2.0-19) ...
#9 9.139 Setting up patch (2.8-2) ...
#9 9.142 Setting up libk5crypto3:amd64 (1.21.3-5) ...
#9 9.144 Setting up libsasl2-2:amd64 (2.1.28+dfsg1-9) ...
#9 9.147 Setting up libnghttp3-9:amd64 (1.8.0-1) ...
#9 9.149 Setting up libubsan1:amd64 (14.2.0-19) ...
#9 9.151 Setting up perl-modules-5.40 (5.40.1-6) ...
#9 9.154 Setting up libhwasan0:amd64 (14.2.0-19) ...
#9 9.156 Setting up libcrypt-dev:amd64 (1:4.4.38-1) ...
#9 9.163 Setting up libasan8:amd64 (14.2.0-19) ...
#9 9.166 Setting up libtasn1-6:amd64 (4.20.0-2) ...
#9 9.168 Setting up libkrb5-3:amd64 (1.21.3-5) ...
#9 9.171 Setting up libssh2-1t64:amd64 (1.11.1-1) ...
#9 9.173 Setting up libtsan2:amd64 (14.2.0-19) ...
#9 9.175 Setting up libbinutils:amd64 (2.44-3) ...
#9 9.178 Setting up libisl23:amd64 (0.27-1) ...
#9 9.180 Setting up libc-dev-bin (2.41-12) ...
#9 9.183 Setting up libcc1-0:amd64 (14.2.0-19) ...
#9 9.185 Setting up libldap2:amd64 (2.6.10+dfsg-1) ...
#9 9.188 Setting up liblsan0:amd64 (14.2.0-19) ...
#9 9.190 Setting up libitm1:amd64 (14.2.0-19) ...
#9 9.192 Setting up libctf0:amd64 (2.44-3) ...
#9 9.194 Setting up libidn2-0:amd64 (2.3.8-2) ...
#9 9.197 Setting up libperl5.40:amd64 (5.40.1-6) ...
#9 9.199 Setting up perl (5.40.1-6) ...
#9 9.205 Setting up libgprofng0:amd64 (2.44-3) ...
#9 9.208 Setting up libgssapi-krb5-2:amd64 (1.21.3-5) ...
#9 9.211 Setting up cpp-14-x86-64-linux-gnu (14.2.0-19) ...
#9 9.213 Setting up libdpkg-perl (1.22.21) ...
#9 9.216 Setting up cpp-14 (14.2.0-19) ...
#9 9.218 Setting up libc6-dev:amd64 (2.41-12) ...
#9 9.220 Setting up libgcc-14-dev:amd64 (14.2.0-19) ...
#9 9.223 Setting up libstdc++-14-dev:amd64 (14.2.0-19) ...
#9 9.225 Setting up binutils-x86-64-linux-gnu (2.44-3) ...
#9 9.227 Setting up cpp-x86-64-linux-gnu (4:14.2.0-1) ...
#9 9.237 Setting up libgnutls30t64:amd64 (3.8.9-3) ...
#9 9.239 Setting up libpsl5t64:amd64 (0.21.2-1.1+b1) ...
#9 9.242 Setting up libpq5:amd64 (17.6-0+deb13u1) ...
#9 9.244 Setting up libpq-dev (17.6-0+deb13u1) ...
#9 9.246 Setting up binutils (2.44-3) ...
#9 9.250 Setting up dpkg-dev (1.22.21) ...
#9 9.254 Setting up librtmp1:amd64 (2.4+20151223.gitfa8646d.1-2+b5) ...
#9 9.257 Setting up cpp (4:14.2.0-1) ...
#9 9.265 Setting up gcc-14-x86-64-linux-gnu (14.2.0-19) ...
#9 9.268 Setting up gcc-x86-64-linux-gnu (4:14.2.0-1) ...
#9 9.270 Setting up libcurl4t64:amd64 (8.14.1-2) ...
#9 9.273 Setting up gcc-14 (14.2.0-19) ...
#9 9.275 Setting up g++-14-x86-64-linux-gnu (14.2.0-19) ...
#9 9.278 Setting up g++-x86-64-linux-gnu (4:14.2.0-1) ...
#9 9.281 Setting up curl (8.14.1-2) ...
#9 9.284 Setting up g++-14 (14.2.0-19) ...
#9 9.286 Setting up gcc (4:14.2.0-1) ...
#9 9.295 Setting up g++ (4:14.2.0-1) ...
#9 9.298 update-alternatives: using /usr/bin/g++ to provide /usr/bin/c++ (c++) in auto mode
#9 9.300 Setting up build-essential (12.12) ...
#9 9.302 Processing triggers for libc-bin (2.41-12) ...
#9 DONE 10.0s

#10 [4/6] COPY mosaic_prototype/backend/requirements.txt /tmp/requirements.txt
#10 DONE 0.0s

#11 [5/6] RUN pip install --no-cache-dir -r /tmp/requirements.txt
#11 1.283 Collecting Flask==3.0.3 (from -r /tmp/requirements.txt (line 1))
#11 1.309   Downloading flask-3.0.3-py3-none-any.whl.metadata (3.2 kB)
#11 1.323 Collecting Flask-Cors==4.0.0 (from -r /tmp/requirements.txt (line 2))
#11 1.328   Downloading Flask_Cors-4.0.0-py2.py3-none-any.whl.metadata (5.4 kB)
#11 1.339 Collecting Flask-Migrate==4.0.7 (from -r /tmp/requirements.txt (line 3))
#11 1.344   Downloading Flask_Migrate-4.0.7-py3-none-any.whl.metadata (3.1 kB)
#11 1.354 Collecting Flask-SQLAlchemy==3.1.1 (from -r /tmp/requirements.txt (line 4))
#11 1.358   Downloading flask_sqlalchemy-3.1.1-py3-none-any.whl.metadata (3.4 kB)
#11 1.410 Collecting psycopg2-binary==2.9.9 (from -r /tmp/requirements.txt (line 5))
#11 1.414   Downloading psycopg2_binary-2.9.9-cp312-cp312-manylinux_2_17_x86_64.manylinux2014_x86_64.whl.metadata (4.4 kB)
#11 1.427 Collecting PyJWT==2.8.0 (from -r /tmp/requirements.txt (line 6))
#11 1.430   Downloading PyJWT-2.8.0-py3-none-any.whl.metadata (4.2 kB)
#11 1.522 Collecting pydantic==2.7.4 (from -r /tmp/requirements.txt (line 7))
#11 1.526   Downloading pydantic-2.7.4-py3-none-any.whl.metadata (109 kB)
#11 1.575 Collecting pytest==8.2.1 (from -r /tmp/requirements.txt (line 8))
#11 1.580   Downloading pytest-8.2.1-py3-none-any.whl.metadata (7.6 kB)
#11 1.593 Collecting pytest-cov==5.0.0 (from -r /tmp/requirements.txt (line 9))
#11 1.597   Downloading pytest_cov-5.0.0-py3-none-any.whl.metadata (27 kB)
#11 1.610 Collecting structlog==24.1.0 (from -r /tmp/requirements.txt (line 10))
#11 1.615   Downloading structlog-24.1.0-py3-none-any.whl.metadata (6.9 kB)
#11 1.634 Collecting Werkzeug>=3.0.0 (from Flask==3.0.3->-r /tmp/requirements.txt (line 1))
#11 1.638   Downloading werkzeug-3.1.3-py3-none-any.whl.metadata (3.7 kB)
#11 1.650 Collecting Jinja2>=3.1.2 (from Flask==3.0.3->-r /tmp/requirements.txt (line 1))
#11 1.655   Downloading jinja2-3.1.6-py3-none-any.whl.metadata (2.9 kB)
#11 1.663 Collecting itsdangerous>=2.1.2 (from Flask==3.0.3->-r /tmp/requirements.txt (line 1))
#11 1.667   Downloading itsdangerous-2.2.0-py3-none-any.whl.metadata (1.9 kB)
#11 1.681 Collecting click>=8.1.3 (from Flask==3.0.3->-r /tmp/requirements.txt (line 1))
#11 1.684   Downloading click-8.3.0-py3-none-any.whl.metadata (2.6 kB)
#11 1.692 Collecting blinker>=1.6.2 (from Flask==3.0.3->-r /tmp/requirements.txt (line 1))
#11 1.696   Downloading blinker-1.9.0-py3-none-any.whl.metadata (1.6 kB)
#11 1.723 Collecting alembic>=1.9.0 (from Flask-Migrate==4.0.7->-r /tmp/requirements.txt (line 3))
#11 1.727   Downloading alembic-1.17.1-py3-none-any.whl.metadata (7.2 kB)
#11 1.941 Collecting sqlalchemy>=2.0.16 (from Flask-SQLAlchemy==3.1.1->-r /tmp/requirements.txt (line 4))
#11 1.946   Downloading sqlalchemy-2.0.44-cp312-cp312-manylinux_2_17_x86_64.manylinux2014_x86_64.whl.metadata (9.5 kB)
#11 1.964 Collecting annotated-types>=0.4.0 (from pydantic==2.7.4->-r /tmp/requirements.txt (line 7))
#11 1.968   Downloading annotated_types-0.7.0-py3-none-any.whl.metadata (15 kB)
#11 2.501 Collecting pydantic-core==2.18.4 (from pydantic==2.7.4->-r /tmp/requirements.txt (line 7))
#11 2.506   Downloading pydantic_core-2.18.4-cp312-cp312-manylinux_2_17_x86_64.manylinux2014_x86_64.whl.metadata (6.5 kB)
#11 2.520 Collecting typing-extensions>=4.6.1 (from pydantic==2.7.4->-r /tmp/requirements.txt (line 7))
#11 2.525   Downloading typing_extensions-4.15.0-py3-none-any.whl.metadata (3.3 kB)
#11 2.533 Collecting iniconfig (from pytest==8.2.1->-r /tmp/requirements.txt (line 8))
#11 2.537   Downloading iniconfig-2.3.0-py3-none-any.whl.metadata (2.5 kB)
#11 2.549 Collecting packaging (from pytest==8.2.1->-r /tmp/requirements.txt (line 8))
#11 2.553   Downloading packaging-25.0-py3-none-any.whl.metadata (3.3 kB)
#11 2.563 Collecting pluggy<2.0,>=1.5 (from pytest==8.2.1->-r /tmp/requirements.txt (line 8))
#11 2.567   Downloading pluggy-1.6.0-py3-none-any.whl.metadata (4.8 kB)
#11 2.829 Collecting coverage>=5.2.1 (from coverage[toml]>=5.2.1->pytest-cov==5.0.0->-r /tmp/requirements.txt (line 9))
#11 2.835   Downloading coverage-7.11.0-cp312-cp312-manylinux1_x86_64.manylinux_2_28_x86_64.manylinux_2_5_x86_64.whl.metadata (9.0 kB)
#11 2.871 Collecting Mako (from alembic>=1.9.0->Flask-Migrate==4.0.7->-r /tmp/requirements.txt (line 3))
#11 2.874   Downloading mako-1.3.10-py3-none-any.whl.metadata (2.9 kB)
#11 2.924 Collecting MarkupSafe>=2.0 (from Jinja2>=3.1.2->Flask==3.0.3->-r /tmp/requirements.txt (line 1))
#11 2.928   Downloading markupsafe-3.0.3-cp312-cp312-manylinux2014_x86_64.manylinux_2_17_x86_64.manylinux_2_28_x86_64.whl.metadata (2.7 kB)
#11 3.043 Collecting greenlet>=1 (from sqlalchemy>=2.0.16->Flask-SQLAlchemy==3.1.1->-r /tmp/requirements.txt (line 4))
#11 3.047   Downloading greenlet-3.2.4-cp312-cp312-manylinux_2_24_x86_64.manylinux_2_28_x86_64.whl.metadata (4.1 kB)
#11 3.068 Downloading flask-3.0.3-py3-none-any.whl (101 kB)
#11 3.073 Downloading Flask_Cors-4.0.0-py2.py3-none-any.whl (14 kB)
#11 3.078 Downloading Flask_Migrate-4.0.7-py3-none-any.whl (21 kB)
#11 3.081 Downloading flask_sqlalchemy-3.1.1-py3-none-any.whl (25 kB)
#11 3.086 Downloading psycopg2_binary-2.9.9-cp312-cp312-manylinux_2_17_x86_64.manylinux2014_x86_64.whl (3.0 MB)
#11 3.098    ━━━━━━━━━━━━━━━━━━━━━━━━━━━━━━━━━━━━━━━━ 3.0/3.0 MB 325.1 MB/s eta 0:00:00
#11 3.102 Downloading PyJWT-2.8.0-py3-none-any.whl (22 kB)
#11 3.106 Downloading pydantic-2.7.4-py3-none-any.whl (409 kB)
#11 3.111 Downloading pytest-8.2.1-py3-none-any.whl (339 kB)
#11 3.117 Downloading pytest_cov-5.0.0-py3-none-any.whl (21 kB)
#11 3.121 Downloading structlog-24.1.0-py3-none-any.whl (65 kB)
#11 3.129 Downloading pydantic_core-2.18.4-cp312-cp312-manylinux_2_17_x86_64.manylinux2014_x86_64.whl (2.1 MB)
#11 3.137    ━━━━━━━━━━━━━━━━━━━━━━━━━━━━━━━━━━━━━━━━ 2.1/2.1 MB 312.9 MB/s eta 0:00:00
#11 3.141 Downloading alembic-1.17.1-py3-none-any.whl (247 kB)
#11 3.145 Downloading annotated_types-0.7.0-py3-none-any.whl (13 kB)
#11 3.148 Downloading blinker-1.9.0-py3-none-any.whl (8.5 kB)
#11 3.152 Downloading click-8.3.0-py3-none-any.whl (107 kB)
#11 3.156 Downloading coverage-7.11.0-cp312-cp312-manylinux1_x86_64.manylinux_2_28_x86_64.manylinux_2_5_x86_64.whl (250 kB)
#11 3.160 Downloading itsdangerous-2.2.0-py3-none-any.whl (16 kB)
#11 3.163 Downloading jinja2-3.1.6-py3-none-any.whl (134 kB)
#11 3.168 Downloading pluggy-1.6.0-py3-none-any.whl (20 kB)
#11 3.172 Downloading sqlalchemy-2.0.44-cp312-cp312-manylinux_2_17_x86_64.manylinux2014_x86_64.whl (3.3 MB)
#11 3.183    ━━━━━━━━━━━━━━━━━━━━━━━━━━━━━━━━━━━━━━━━ 3.3/3.3 MB 359.5 MB/s eta 0:00:00
#11 3.189 Downloading typing_extensions-4.15.0-py3-none-any.whl (44 kB)
#11 3.194 Downloading werkzeug-3.1.3-py3-none-any.whl (224 kB)
#11 3.200 Downloading iniconfig-2.3.0-py3-none-any.whl (7.5 kB)
#11 3.204 Downloading packaging-25.0-py3-none-any.whl (66 kB)
#11 3.207 Downloading greenlet-3.2.4-cp312-cp312-manylinux_2_24_x86_64.manylinux_2_28_x86_64.whl (607 kB)
#11 3.210    ━━━━━━━━━━━━━━━━━━━━━━━━━���━━━━━━━━━━━━━ 607.6/607.6 kB 592.8 MB/s eta 0:00:00
#11 3.214 Downloading markupsafe-3.0.3-cp312-cp312-manylinux2014_x86_64.manylinux_2_17_x86_64.manylinux_2_28_x86_64.whl (22 kB)
#11 3.218 Downloading mako-1.3.10-py3-none-any.whl (78 kB)
#11 3.290 Installing collected packages: typing-extensions, structlog, PyJWT, psycopg2-binary, pluggy, packaging, MarkupSafe, itsdangerous, iniconfig, greenlet, coverage, click, blinker, annotated-types, Werkzeug, sqlalchemy, pytest, pydantic-core, Mako, Jinja2, pytest-cov, pydantic, Flask, alembic, Flask-SQLAlchemy, Flask-Cors, Flask-Migrate
#11 5.761 Successfully installed Flask-3.0.3 Flask-Cors-4.0.0 Flask-Migrate-4.0.7 Flask-SQLAlchemy-3.1.1 Jinja2-3.1.6 Mako-1.3.10 MarkupSafe-3.0.3 PyJWT-2.8.0 Werkzeug-3.1.3 alembic-1.17.1 annotated-types-0.7.0 blinker-1.9.0 click-8.3.0 coverage-7.11.0 greenlet-3.2.4 iniconfig-2.3.0 itsdangerous-2.2.0 packaging-25.0 pluggy-1.6.0 psycopg2-binary-2.9.9 pydantic-2.7.4 pydantic-core-2.18.4 pytest-8.2.1 pytest-cov-5.0.0 sqlalchemy-2.0.44 structlog-24.1.0 typing-extensions-4.15.0
#11 5.761 WARNING: Running pip as the 'root' user can result in broken permissions and conflicting behaviour with the system package manager, possibly rendering your system unusable. It is recommended to use a virtual environment instead: https://pip.pypa.io/warnings/venv. Use the --root-user-action option if you know what you are doing and want to suppress this warning.
#11 5.828 
#11 5.828 [notice] A new release of pip is available: 25.0.1 -> 25.3
#11 5.828 [notice] To update, run: pip install --upgrade pip
#11 DONE 6.0s

#12 [6/6] COPY mosaic_prototype/backend /app
#12 DONE 0.0s

#13 exporting to image
#13 exporting layers
#13 exporting layers 1.7s done
#13 writing image sha256:b84e56bf2b719a46c274478124059d491a2542a9fd7bfa5f36ae64d724163485 done
#13 naming to docker.io/library/mosaic-mosaic_backend_dev done
#13 DONE 1.7s

#14 resolving provenance for metadata file
#14 DONE 0.0s
INFO  [alembic.runtime.migration] Context impl PostgresqlImpl.
INFO  [alembic.runtime.migration] Context impl PostgresqlImpl.
INFO  [alembic.runtime.migration] Will assume transactional DDL.
INFO  [alembic.runtime.migration] Will assume transactional DDL.
INFO  [alembic.runtime.migration] Running upgrade  -> 20241115_000001, Initial PostgreSQL schema for Mosaic.
INFO  [alembic.runtime.migration] Running upgrade  -> 20241115_000001, Initial PostgreSQL schema for Mosaic.
INFO  [alembic.runtime.migration] Running upgrade 20241115_000001 -> 20241125_000002, Add user ownership to activities and entries.
INFO  [alembic.runtime.migration] Running upgrade 20241115_000001 -> 20241125_000002, Add user ownership to activities and entries.
INFO  [alembic.runtime.migration] Running upgrade 20241125_000002 -> 20241125_000003, Add is_admin flag to users table.
INFO  [alembic.runtime.migration] Running upgrade 20241125_000002 -> 20241125_000003, Add is_admin flag to users table.
INFO  [alembic.runtime.migration] Running upgrade 20241125_000003 -> 20241125_000004, Add display_name column to users.
INFO  [alembic.runtime.migration] Running upgrade 20241125_000003 -> 20241125_000004, Add display_name column to users.
Database upgraded to revision head.
============================= test session starts ==============================
platform linux -- Python 3.12.12, pytest-8.2.1, pluggy-1.6.0
rootdir: /app
configfile: pytest.ini
testpaths: tests
plugins: cov-5.0.0
collected 61 items

tests/test_api.py ..........................                             [ 42%]
tests/test_auth.py .....                                                 [ 50%]
tests/test_backup_manager.py ....                                        [ 57%]
tests/test_export.py ....                                                [ 63%]
tests/test_health.py FF.                                                 [ 68%]
tests/test_import_validation.py ...                                      [ 73%]
tests/test_metrics.py F.                                                 [ 77%]
tests/test_stream_proxy.py ....                                          [ 83%]
tests/test_transactions.py .                                             [ 85%]
tests/test_validation.py .........                                       [100%]

=================================== FAILURES ===================================
___________________________ test_health_endpoint_ok ____________________________

client = <FlaskClient <Flask 'app'>>

    def test_health_endpoint_ok(client):
        reset_metrics_state()
        assert client.get("/").status_code == 200
    
        response = client.get("/healthz")
>       assert response.status_code == 200
E       assert 401 == 200
E        +  where 401 = <WrapperTestResponse streamed [401 UNAUTHORIZED]>.status_code

tests/test_health.py:15: AssertionError
----------------------------- Captured stdout call -----------------------------
{"status_code": 200, "duration_ms": 0.1, "event": "request.completed", "route": "home", "method": "GET", "path": "/", "request_id": "738368e31a850bed", "level": "info", "timestamp": "2025-11-07T10:26:23.568839Z"}
{"status_code": 401, "duration_ms": 0.07, "event": "request.completed", "route": "health", "method": "GET", "path": "/healthz", "request_id": "e7d8851392954566", "level": "info", "timestamp": "2025-11-07T10:26:23.569541Z"}
------------------------------ Captured log call -------------------------------
INFO     mosaic.backend:app.py:457 {"status_code": 200, "duration_ms": 0.1, "event": "request.completed", "route": "home", "method": "GET", "path": "/", "request_id": "738368e31a850bed", "level": "info", "timestamp": "2025-11-07T10:26:23.568839Z"}
INFO     mosaic.backend:app.py:457 {"status_code": 401, "duration_ms": 0.07, "event": "request.completed", "route": "health", "method": "GET", "path": "/healthz", "request_id": "e7d8851392954566", "level": "info", "timestamp": "2025-11-07T10:26:23.569541Z"}
_________________ test_health_endpoint_unhealthy_on_db_failure _________________

client = <FlaskClient <Flask 'app'>>
monkeypatch = <_pytest.monkeypatch.MonkeyPatch object at 0x7f524b30c9b0>

    def test_health_endpoint_unhealthy_on_db_failure(client, monkeypatch):
        reset_metrics_state()
        client.get("/")
        monkeypatch.setattr(app_module, "_check_db_connection", lambda: False)
    
        response = client.get("/healthz")
>       assert response.status_code == 503
E       assert 401 == 503
E        +  where 401 = <WrapperTestResponse streamed [401 UNAUTHORIZED]>.status_code

tests/test_health.py:30: AssertionError
----------------------------- Captured stdout call -----------------------------
{"status_code": 200, "duration_ms": 0.1, "event": "request.completed", "route": "home", "method": "GET", "path": "/", "request_id": "a8f78d0f5a82de22", "level": "info", "timestamp": "2025-11-07T10:26:23.654006Z"}
{"status_code": 401, "duration_ms": 0.07, "event": "request.completed", "route": "health", "method": "GET", "path": "/healthz", "request_id": "16346266dadce1d4", "level": "info", "timestamp": "2025-11-07T10:26:23.654694Z"}
------------------------------ Captured log call -------------------------------
INFO     mosaic.backend:app.py:457 {"status_code": 200, "duration_ms": 0.1, "event": "request.completed", "route": "home", "method": "GET", "path": "/", "request_id": "a8f78d0f5a82de22", "level": "info", "timestamp": "2025-11-07T10:26:23.654006Z"}
INFO     mosaic.backend:app.py:457 {"status_code": 401, "duration_ms": 0.07, "event": "request.completed", "route": "health", "method": "GET", "path": "/healthz", "request_id": "16346266dadce1d4", "level": "info", "timestamp": "2025-11-07T10:26:23.654694Z"}
_______________________ test_metrics_counts_and_latency ________________________

client = <FlaskClient <Flask 'app'>>
monkeypatch = <_pytest.monkeypatch.MonkeyPatch object at 0x7f524b319160>

    def test_metrics_counts_and_latency(client, monkeypatch):
        reset_metrics_state()
        perf_values = itertools.chain([0.0, 0.05, 0.05, 0.25], itertools.repeat(0.25))
    
        def fake_perf_counter():
            return next(perf_values)
    
        monkeypatch.setattr(app_module, "perf_counter", fake_perf_counter)
    
        assert client.get("/").status_code == 200
        assert client.get("/").status_code == 200
    
        snapshot = get_metrics_json()
        assert snapshot["requests_total"] == 2
        home_metrics = _find_endpoint_metrics(snapshot, "home")
        assert home_metrics["count"] == 2
>       assert home_metrics["total_latency_ms"] == pytest.approx(250.0, abs=0.01)
E       assert 0.0 == 250.0 ± 1.0e-02
E         
E         comparison failed
E         Obtained: 0.0
E         Expected: 250.0 ± 1.0e-02

tests/test_metrics.py:37: AssertionError
----------------------------- Captured stdout call -----------------------------
{"status_code": 200, "duration_ms": 0.0, "event": "request.completed", "route": "home", "method": "GET", "path": "/", "request_id": "97eedceb29c46d50", "level": "info", "timestamp": "2025-11-07T10:26:23.806215Z"}
{"status_code": 200, "duration_ms": 0.0, "event": "request.completed", "route": "home", "method": "GET", "path": "/", "request_id": "970994ae07f11b9b", "level": "info", "timestamp": "2025-11-07T10:26:23.806885Z"}
------------------------------ Captured log call -------------------------------
INFO     mosaic.backend:app.py:457 {"status_code": 200, "duration_ms": 0.0, "event": "request.completed", "route": "home", "method": "GET", "path": "/", "request_id": "97eedceb29c46d50", "level": "info", "timestamp": "2025-11-07T10:26:23.806215Z"}
INFO     mosaic.backend:app.py:457 {"status_code": 200, "duration_ms": 0.0, "event": "request.completed", "route": "home", "method": "GET", "path": "/", "request_id": "970994ae07f11b9b", "level": "info", "timestamp": "2025-11-07T10:26:23.806885Z"}
=========================== short test summary info ============================
FAILED tests/test_health.py::test_health_endpoint_ok - assert 401 == 200
FAILED tests/test_health.py::test_health_endpoint_unhealthy_on_db_failure - a...
FAILED tests/test_metrics.py::test_metrics_counts_and_latency - assert 0.0 ==...
========================= 3 failed, 58 passed in 8.38s =========================

Error: Process completed with exit code 1.